0 info it worked if it ends with ok
1 verbose cli [ 'C:\\Program Files\\nodejs\\node.exe',
1 verbose cli   'C:\\Program Files\\nodejs\\node_modules\\npm\\bin\\npm-cli.js',
1 verbose cli   'start' ]
2 info using npm@4.0.5
3 info using node@v7.4.0
4 verbose run-script [ 'prestart', 'start', 'poststart' ]
5 info lifecycle imad-2016-base@0.1.0~prestart: imad-2016-base@0.1.0
6 silly lifecycle imad-2016-base@0.1.0~prestart: no script for prestart, continuing
7 info lifecycle imad-2016-base@0.1.0~start: imad-2016-base@0.1.0
8 verbose lifecycle imad-2016-base@0.1.0~start: unsafe-perm in lifecycle true
9 verbose lifecycle imad-2016-base@0.1.0~start: PATH: C:\Program Files\nodejs\node_modules\npm\bin\node-gyp-bin;C:\Users\Ritwick\Desktop\HasuraWebApp\imad-app-v2\node_modules\.bin;C:\Program Files (x86)\PC Connectivity Solution\;C:\Program Files\Microsoft MPI\Bin\;C:\Program Files (x86)\Intel\iCLS Client\;C:\Program Files\Intel\iCLS Client\;C:\ProgramData\Oracle\Java\javapath;C:\Windows\system32;C:\Windows;C:\Windows\System32\Wbem;C:\Windows\System32\WindowsPowerShell\v1.0\;C:\Program Files (x86)\Intel\Intel(R) Management Engine Components\DAL;C:\Program Files\Intel\Intel(R) Management Engine Components\DAL;C:\Program Files (x86)\Intel\Intel(R) Management Engine Components\IPT;C:\Program Files\Intel\Intel(R) Management Engine Components\IPT;C:\Program Files (x86)\Notepad++;C:\Program Files (x86)\NVIDIA Corporation\PhysX\Common;C:\Program Files (x86)\Common Files\lenovo\easyplussdk\bin;C:\Program Files\Intel\WiFi\bin\;C:\Program Files\Common Files\Intel\WirelessCommon\;C:\Users\Ritwick\.dnx\bin;C:\Program Files (x86)\Windows Kits\8.1\Windows Performance Toolkit\;C:\Program Files\Microsoft SQL Server\130\Tools\Binn\;C:\Program Files (x86)\Windows Kits\10\Windows Performance Toolkit\;C:\Users\Ritwick\AppData\Lo;C:\Program Files (x86)\Microsoft SQL Server\Client SDK\ODBC\130\Tools\Binn\;C:\Program Files (x86)\Microsoft SQL Server\130\Tools\Binn\;C:\Program Files (x86)\Microsoft SQL Server\130\DTS\Binn\;C:\Program Files (x86)\Microsoft SQL Server\130\Tools\Binn\ManagementStudio\;C:\Program Files\Microsoft SQL Server\130\DTS\Binn\;C:\Program Files\Microsoft SQL Server\Client SDK\ODBC\130\Tools\Binn\;C:\Program Files\Microsoft DNX\Dnvm\;C:\Program Files\dotnet\;C:\Program Files (x86)\GtkSharp\2.12\bin;C:\Program Files\Microsoft\Web Platform Installer\;C:\Program Files\Git\cmd;C:\Program Files\nodejs\;C:\Users\Ritwick\AppData\Local\Microsoft\WindowsApps;C:\Windows\Microsoft.NET\Framework\v3.5;C:\Program Files\Java\jdk1.8.0_71\bin;C:\Program Files (x86)\CodeBlocks\MinGW\bin;C:\php;C:\Program Files (x86)\Microsoft VS Code\bin;C:\Program Files\Intel\WiFi\bin\;C:\Program Files\Common Files\Intel\WirelessCommon\;C:\Python34;C:\Python34\;C:\Python34;C:\Python34\Scripts;C:\Users\Ritwick\Desktop\CCode;C:\Users\Ritwick\AppData\Roaming\npm;C:\Program Files (x86)\Microsoft SDKs\TypeScript\1.8
10 verbose lifecycle imad-2016-base@0.1.0~start: CWD: C:\Users\Ritwick\Desktop\HasuraWebApp\imad-app-v2
11 silly lifecycle imad-2016-base@0.1.0~start: Args: [ '/d /s /c', 'node server.js' ]
12 silly lifecycle imad-2016-base@0.1.0~start: Returned: code: 3221225786  signal: null
13 info lifecycle imad-2016-base@0.1.0~start: Failed to exec start script
14 verbose stack Error: imad-2016-base@0.1.0 start: `node server.js`
14 verbose stack Exit status 3221225786
14 verbose stack     at EventEmitter.<anonymous> (C:\Program Files\nodejs\node_modules\npm\lib\utils\lifecycle.js:279:16)
14 verbose stack     at emitTwo (events.js:106:13)
14 verbose stack     at EventEmitter.emit (events.js:191:7)
14 verbose stack     at ChildProcess.<anonymous> (C:\Program Files\nodejs\node_modules\npm\lib\utils\spawn.js:40:14)
14 verbose stack     at emitTwo (events.js:106:13)
14 verbose stack     at ChildProcess.emit (events.js:191:7)
14 verbose stack     at maybeClose (internal/child_process.js:885:16)
14 verbose stack     at Process.ChildProcess._handle.onexit (internal/child_process.js:226:5)
15 verbose pkgid imad-2016-base@0.1.0
16 verbose cwd C:\Users\Ritwick\Desktop\HasuraWebApp\imad-app-v2
17 error Windows_NT 10.0.14393
18 error argv "C:\\Program Files\\nodejs\\node.exe" "C:\\Program Files\\nodejs\\node_modules\\npm\\bin\\npm-cli.js" "start"
19 error node v7.4.0
20 error npm  v4.0.5
21 error code ELIFECYCLE
22 error imad-2016-base@0.1.0 start: `node server.js`
22 error Exit status 3221225786
23 error Failed at the imad-2016-base@0.1.0 start script 'node server.js'.
23 error Make sure you have the latest version of node.js and npm installed.
23 error If you do, this is most likely a problem with the imad-2016-base package,
23 error not with npm itself.
23 error Tell the author that this fails on your system:
23 error     node server.js
23 error You can get information on how to open an issue for this project with:
23 error     npm bugs imad-2016-base
23 error Or if that isn't available, you can get their info via:
23 error     npm owner ls imad-2016-base
23 error There is likely additional logging output above.
24 verbose exit [ 1, true ]
